2023-03-08 01:11:20,509 [main] INFO nopCommerce - ******  Launching Browser ********
2023-03-08 01:11:20,529 [main] INFO nopCommerce - ******  Opening URL ********
2023-03-08 01:11:21,445 [main] INFO nopCommerce - ******  Providing Login Details ********
2023-03-08 01:11:25,564 [main] INFO nopCommerce - ******  Started Login ********
2023-03-08 01:11:40,196 [main] INFO nopCommerce - ******  Adding New Customer ********
2023-03-08 01:11:40,198 [main] INFO nopCommerce - ******  Providing Customer Details ********
2023-03-08 01:11:49,466 [main] INFO nopCommerce - ******  Saving Customer data ********
2023-03-08 01:11:54,821 [main] INFO nopCommerce - ******  Launching Browser ********
2023-03-08 01:11:54,831 [main] INFO nopCommerce - ******  Opening URL ********
2023-03-08 01:11:55,531 [main] INFO nopCommerce - ******  Providing Login Details ********
2023-03-08 01:11:59,653 [main] INFO nopCommerce - ******  Started Login ********
2023-03-08 01:12:03,623 [main] INFO nopCommerce - ******  Login Failed ********
2023-03-08 01:12:06,641 [main] INFO nopCommerce - ******  Click on Logout link ********
2023-03-08 01:12:10,233 [main] INFO nopCommerce - ******  Login Failed ********
2023-03-08 01:12:13,251 [main] INFO nopCommerce - ******  Closing Browser ********
2023-03-08 01:14:34,828 [main] INFO nopCommerce - ******  Launching Browser ********
2023-03-08 01:14:34,849 [main] INFO nopCommerce - ******  Opening URL ********
2023-03-08 01:14:35,583 [main] INFO nopCommerce - ******  Providing Login Details ********
2023-03-08 01:14:39,773 [main] INFO nopCommerce - ******  Started Login ********
2023-03-08 01:14:44,357 [main] INFO nopCommerce - ******  Login Failed ********
2023-03-08 01:14:47,370 [main] INFO nopCommerce - ******  Click on Logout link ********
2023-03-08 01:14:50,973 [main] INFO nopCommerce - ******  Login Failed ********
2023-03-08 01:14:53,997 [main] INFO nopCommerce - ******  Closing Browser ********
2023-03-08 09:29:15,803 [main] INFO nopCommerce - ******  Launching Browser ********
2023-03-08 09:29:15,823 [main] INFO nopCommerce - ******  Opening URL ********
2023-03-08 09:29:16,820 [main] INFO nopCommerce - ******  Providing Login Details ********
2023-03-08 09:29:21,028 [main] INFO nopCommerce - ******  Started Login ********
2023-03-08 09:29:40,729 [main] INFO nopCommerce - ******  Adding New Customer ********
2023-03-08 09:29:40,744 [main] INFO nopCommerce - ******  Providing Customer Details ********
2023-03-08 09:29:41,425 [main] INFO nopCommerce - ******  Launching Browser ********
2023-03-08 09:29:41,432 [main] INFO nopCommerce - ******  Opening URL ********
2023-03-08 09:29:42,189 [main] INFO nopCommerce - ******  Providing Login Details ********
2023-03-08 09:29:46,391 [main] INFO nopCommerce - ******  Started Login ********
2023-03-08 09:29:57,847 [main] INFO nopCommerce - ******  Searching Customer by emailId ********
2023-03-08 09:30:03,993 [main] INFO nopCommerce - ******  Launching Browser ********
2023-03-08 09:30:03,993 [main] INFO nopCommerce - ******  Opening URL ********
2023-03-08 09:30:04,505 [main] INFO nopCommerce - ******  Providing Login Details ********
2023-03-08 09:30:08,705 [main] INFO nopCommerce - ******  Started Login ********
2023-03-08 09:30:19,816 [main] INFO nopCommerce - ******  Searching customer by Name ********
2023-03-08 09:30:28,068 [main] INFO nopCommerce - ******  Launching Browser ********
2023-03-08 09:30:28,068 [main] INFO nopCommerce - ******  Opening URL ********
2023-03-08 09:30:28,685 [main] INFO nopCommerce - ******  Providing Login Details ********
2023-03-08 09:30:32,922 [main] INFO nopCommerce - ******  Started Login ********
2023-03-08 09:30:37,516 [main] INFO nopCommerce - ******  Login Failed ********
2023-03-08 09:30:40,557 [main] INFO nopCommerce - ******  Click on Logout link ********
2023-03-08 09:30:44,258 [main] INFO nopCommerce - ******  Login Failed ********
2023-03-08 09:30:47,298 [main] INFO nopCommerce - ******  Closing Browser ********
2023-03-08 09:30:48,156 [main] INFO nopCommerce - ******  Launching Browser ********
2023-03-08 09:30:48,172 [main] INFO nopCommerce - ******  Opening URL ********
2023-03-08 09:30:48,782 [main] INFO nopCommerce - ******  Providing Login Details ********
2023-03-08 09:30:53,013 [main] INFO nopCommerce - ******  Started Login ********
2023-03-08 09:30:57,287 [main] INFO nopCommerce - ******  Login Failed ********
2023-03-08 09:31:00,309 [main] INFO nopCommerce - ******  Click on Logout link ********
2023-03-08 09:31:04,082 [main] INFO nopCommerce - ******  Login Failed ********
2023-03-08 09:31:07,103 [main] INFO nopCommerce - ******  Closing Browser ********
2023-03-08 09:31:08,003 [main] INFO nopCommerce - ******  Launching Browser ********
2023-03-08 09:31:08,013 [main] INFO nopCommerce - ******  Opening URL ********
2023-03-08 09:31:08,514 [main] INFO nopCommerce - ******  Providing Login Details ********
2023-03-08 09:31:12,717 [main] INFO nopCommerce - ******  Started Login ********
2023-03-08 09:31:16,429 [main] INFO nopCommerce - ******  Login passed ********
2023-03-08 09:45:48,914 [main] INFO nopCommerce - ******  Launching Browser ********
2023-03-08 09:45:48,939 [main] INFO nopCommerce - ******  Opening URL ********
2023-03-08 09:45:49,975 [main] INFO nopCommerce - ******  Providing Login Details ********
2023-03-08 09:45:54,190 [main] INFO nopCommerce - ******  Started Login ********
2023-03-08 09:46:10,781 [main] INFO nopCommerce - ******  Adding New Customer ********
2023-03-08 09:46:10,781 [main] INFO nopCommerce - ******  Providing Customer Details ********
2023-03-08 09:46:19,571 [main] INFO nopCommerce - ******  Saving Customer data ********
2023-03-08 09:46:24,642 [main] INFO nopCommerce - ******  Launching Browser ********
2023-03-08 09:46:24,646 [main] INFO nopCommerce - ******  Opening URL ********
2023-03-08 09:46:25,930 [main] INFO nopCommerce - ******  Providing Login Details ********
2023-03-08 09:46:30,133 [main] INFO nopCommerce - ******  Started Login ********
2023-03-08 09:46:41,458 [main] INFO nopCommerce - ******  Searching Customer by emailId ********
2023-03-08 09:46:47,601 [main] INFO nopCommerce - ******  Launching Browser ********
2023-03-08 09:46:47,610 [main] INFO nopCommerce - ******  Opening URL ********
2023-03-08 09:46:48,859 [main] INFO nopCommerce - ******  Providing Login Details ********
2023-03-08 09:46:53,044 [main] INFO nopCommerce - ******  Started Login ********
2023-03-08 09:47:05,244 [main] INFO nopCommerce - ******  Searching customer by Name ********
2023-03-08 09:47:13,473 [main] INFO nopCommerce - ******  Launching Browser ********
2023-03-08 09:47:13,473 [main] INFO nopCommerce - ******  Opening URL ********
2023-03-08 09:47:14,006 [main] INFO nopCommerce - ******  Providing Login Details ********
2023-03-08 09:47:18,224 [main] INFO nopCommerce - ******  Started Login ********
2023-03-08 09:47:23,226 [main] INFO nopCommerce - ******  Login Failed ********
2023-03-08 09:47:26,249 [main] INFO nopCommerce - ******  Click on Logout link ********
2023-03-08 09:47:29,891 [main] INFO nopCommerce - ******  Login Failed ********
2023-03-08 09:47:32,910 [main] INFO nopCommerce - ******  Closing Browser ********
2023-03-08 09:47:33,753 [main] INFO nopCommerce - ******  Launching Browser ********
2023-03-08 09:47:33,753 [main] INFO nopCommerce - ******  Opening URL ********
2023-03-08 09:47:34,650 [main] INFO nopCommerce - ******  Providing Login Details ********
2023-03-08 09:47:38,852 [main] INFO nopCommerce - ******  Started Login ********
2023-03-08 09:47:43,042 [main] INFO nopCommerce - ******  Login Failed ********
2023-03-08 09:47:46,075 [main] INFO nopCommerce - ******  Click on Logout link ********
2023-03-08 09:47:49,717 [main] INFO nopCommerce - ******  Login Failed ********
2023-03-08 09:47:52,739 [main] INFO nopCommerce - ******  Closing Browser ********
2023-03-08 09:47:53,542 [main] INFO nopCommerce - ******  Launching Browser ********
2023-03-08 09:47:53,550 [main] INFO nopCommerce - ******  Opening URL ********
2023-03-08 09:47:54,146 [main] INFO nopCommerce - ******  Providing Login Details ********
2023-03-08 09:47:58,356 [main] INFO nopCommerce - ******  Started Login ********
2023-03-08 09:48:02,026 [main] INFO nopCommerce - ******  Login passed ********
